<?xml version="1.0" encoding="UTF-8"?>
<testng-results ignored="0" total="1" passed="1" failed="0" skipped="0">
  <reporter-output>
  </reporter-output>
  <suite started-at="2024-03-10T16:50:53 IST" name="Web Suite" finished-at="2024-03-10T16:50:59 IST" duration-ms="5592">
    <groups>
    </groups>
    <test started-at="2024-03-10T16:50:53 IST" name="Wiki MFA Tests" finished-at="2024-03-10T16:50:59 IST" duration-ms="5592">
      <class name="WikiMFATests">
        <test-method is-config="true" signature="startSession(java.lang.String,java.lang.String,java.lang.String)[pri:0, instance:WikiMFATests@58e92c23]" started-at="2024-03-10T16:50:53 IST" name="startSession" finished-at="2024-03-10T16:50:57 IST" duration-ms="3210" status="PASS">
          <params>
            <param index="0">
              <value>
                <![CDATA[chrome]]>
              </value>
            </param>
            <param index="1">
              <value>
                <![CDATA[https://en.wikipedia.org/wiki/Multi-factor_authentication]]>
              </value>
            </param>
            <param index="2">
              <value>
                <![CDATA[5]]>
              </value>
            </param>
          </params>
          <reporter-output>
          </reporter-output>
        </test-method> <!-- startSession -->
        <test-method is-config="true" signature="beforeMethod(java.lang.reflect.Method)[pri:0, instance:WikiMFATests@58e92c23]" started-at="2024-03-10T16:50:57 IST" name="beforeMethod" finished-at="2024-03-10T16:50:58 IST" duration-ms="1217" status="PASS">
          <params>
            <param index="0">
              <value>
                <![CDATA[public void WikiMFATests.AnalyzeTextTest()]]>
              </value>
            </param>
          </params>
          <reporter-output>
          </reporter-output>
        </test-method> <!-- beforeMethod -->
        <test-method signature="AnalyzeTextTest()[pri:1, instance:WikiMFATests@58e92c23]" started-at="2024-03-10T16:50:58 IST" name="AnalyzeTextTest" description="Analyze text on Wikipedia MFA page Test" finished-at="2024-03-10T16:50:59 IST" duration-ms="551" status="PASS">
          <reporter-output>
          </reporter-output>
        </test-method> <!-- AnalyzeTextTest -->
        <test-method is-config="true" signature="closeSession()[pri:0, instance:WikiMFATests@58e92c23]" started-at="2024-03-10T16:50:59 IST" name="closeSession" finished-at="2024-03-10T16:50:59 IST" duration-ms="230" status="PASS">
          <reporter-output>
          </reporter-output>
        </test-method> <!-- closeSession -->
      </class> <!-- WikiMFATests -->
    </test> <!-- Wiki MFA Tests -->
  </suite> <!-- Web Suite -->
</testng-results>
