<?xml version="1.0" encoding="UTF-8"?>
<testsuite xmlns:xsi="http://www.w3.org/2001/XMLSchema-instance" xsi:noNamespaceSchemaLocation="https://maven.apache.org/surefire/maven-surefire-plugin/xsd/surefire-test-report-3.0.xsd" version="3.0" name="TestSuite" time="6.746" tests="1" errors="0" skipped="0" failures="0">
  <properties>
[...]
</properties>
  <testcase name="AnalyzeTextTest" classname="WikiMFATests" time="0.631">
    <system-out><![CDATA[----------------- Starting Execution ---------------
----------- Starting Test: Analyze Text Test -------------
Word: tries, Occurrences: 1
Word: big, Occurrences: 1
Word: smartphone, Occurrences: 1
Word: puk, Occurrences: 1
Word: when, Occurrences: 1
Word: supply, Occurrences: 2
Word: attempt, Occurrences: 1
Word: required, Occurrences: 1
Word: building, Occurrences: 1
Word: without, Occurrences: 1
Word: multi, Occurrences: 3
Word: these, Occurrences: 1
Word: offer, Occurrences: 1
Word: password, Occurrences: 5
Word: bank, Occurrences: 2
Word: protected, Occurrences: 1
Word: premise, Occurrences: 1
Word: fingerprint, Occurrences: 1
Word: connection, Occurrences: 1
Word: stick, Occurrences: 1
Word: usually, Occurrences: 2
Word: press, Occurrences: 1
Word: if, Occurrences: 1
Word: they, Occurrences: 1
Word: knowledge, Occurrences: 1
Word: app, Occurrences: 1
Word: based, Occurrences: 1
Word: unlikely, Occurrences: 1
Word: using, Occurrences: 1
Word: iris, Occurrences: 1
Word: method, Occurrences: 1
Word: in, Occurrences: 5
Word: work, Occurrences: 1
Word: is, Occurrences: 8
Word: require, Occurrences: 1
Word: otp, Occurrences: 1
Word: received, Occurrences: 1
Word: google, Occurrences: 1
Word: being, Occurrences: 1
Word: then, Occurrences: 1
Word: an, Occurrences: 7
Word: something, Occurrences: 5
Word: benefit, Occurrences: 1
Word: eye, Occurrences: 1
Word: as, Occurrences: 6
Word: at, Occurrences: 1
Word: examples, Occurrences: 2
Word: even, Occurrences: 1
Word: supplement, Occurrences: 1
Word: device, Occurrences: 1
Word: card, Occurrences: 2
Word: managers, Occurrences: 1
Word: requires, Occurrences: 2
Word: object, Occurrences: 1
Word: components, Occurrences: 1
Word: other, Occurrences: 1
Word: be, Occurrences: 3
Word: prove, Occurrences: 1
Word: access, Occurrences: 2
Word: scheme, Occurrences: 1
Word: log, Occurrences: 1
Word: another, Occurrences: 1
Word: least, Occurrences: 1
Word: pattern, Occurrences: 1
Word: two, Occurrences: 5
Word: characteristic, Occurrences: 1
Word: example, Occurrences: 1
Word: out, Occurrences: 1
Word: pieces, Occurrences: 1
Word: into, Occurrences: 1
Word: computer, Occurrences: 2
Word: known, Occurrences: 2
Word: blocked, Occurrences: 1
Word: are, Occurrences: 2
Word: identity, Occurrences: 4
Word: by, Occurrences: 4
Word: sms, Occurrences: 1
Word: sending, Occurrences: 1
Word: where, Occurrences: 1
Word: place, Occurrences: 1
Word: takes, Occurrences: 1
Word: authy, Occurrences: 1
Word: authenticator, Occurrences: 5
Word: key, Occurrences: 2
Word: knows, Occurrences: 2
Word: enables, Occurrences: 1
Word: apps, Occurrences: 2
Word: established, Occurrences: 1
Word: a, Occurrences: 19
Word: include, Occurrences: 2
Word: may, Occurrences: 2
Word: supplied, Occurrences: 2
Word: e, Occurrences: 2
Word: more, Occurrences: 1
Word: authenticity, Occurrences: 1
Word: one, Occurrences: 5
Word: g, Occurrences: 2
Word: withdrawing, Occurrences: 1
Word: token, Occurrences: 2
Word: the, Occurrences: 30
Word: actor, Occurrences: 1
Word: controlled, Occurrences: 1
Word: such, Occurrences: 6
Word: biometrics, Occurrences: 1
Word: s, Occurrences: 3
Word: able, Occurrences: 1
Word: to, Occurrences: 13
Word: asset, Occurrences: 1
Word: randomly, Occurrences: 1
Word: certain, Occurrences: 1
Word: transaction, Occurrences: 1
Word: voice, Occurrences: 1
Word: evidence, Occurrences: 3
Word: data, Occurrences: 1
Word: correct, Occurrences: 1
Word: usb, Occurrences: 1
Word: use, Occurrences: 2
Word: possession, Occurrences: 1
Word: simple, Occurrences: 1
Word: remains, Occurrences: 1
Word: constantly, Occurrences: 1
Word: microsoft, Occurrences: 1
Word: that, Occurrences: 4
Word: pin, Occurrences: 2
Word: generated, Occurrences: 2
Word: etc, Occurrences: 3
Word: continue, Occurrences: 1
Word: than, Occurrences: 2
Word: sufficient, Occurrences: 1
Word: only, Occurrences: 4
Word: claim, Occurrences: 1
Word: from, Occurrences: 1
Word: atm, Occurrences: 1
Word: has, Occurrences: 1
Word: different, Occurrences: 1
Word: combination, Occurrences: 1
Word: which, Occurrences: 2
Word: resource, Occurrences: 4
Word: typically, Occurrences: 1
Word: lastpass, Occurrences: 1
Word: incorrectly, Occurrences: 1
Word: intervals, Occurrences: 1
Word: piece, Occurrences: 1
Word: possesses, Occurrences: 2
Word: typing, Occurrences: 1
Word: party, Occurrences: 2
Word: internet, Occurrences: 1
Word: some, Occurrences: 2
Word: code, Occurrences: 2
Word: rather, Occurrences: 1
Word: additional, Occurrences: 1
Word: for, Occurrences: 2
Word: speed, Occurrences: 1
Word: network, Occurrences: 1
Word: can, Occurrences: 1
Word: security, Occurrences: 3
Word: not, Occurrences: 1
Word: along, Occurrences: 1
Word: and, Occurrences: 4
Word: of, Occurrences: 14
Word: missing, Occurrences: 1
Word: factor, Occurrences: 8
Word: physical, Occurrences: 2
Word: authentication, Occurrences: 11
Word: on, Occurrences: 1
Word: allows, Occurrences: 1
Word: carried, Occurrences: 1
Word: or, Occurrences: 8
Word: cases, Occurrences: 1
Word: multiple, Occurrences: 1
Word: certainty, Occurrences: 1
Word: exactly, Occurrences: 1
Word: any, Occurrences: 1
Word: way, Occurrences: 1
Word: factors, Occurrences: 3
Word: with, Occurrences: 3
Word: someone, Occurrences: 1
Word: application, Occurrences: 1
Word: money, Occurrences: 1
Word: third, Occurrences: 2
Word: unauthorized, Occurrences: 1
Word: refreshing, Occurrences: 1
Word: service, Occurrences: 1
Word: well, Occurrences: 1
Word: time, Occurrences: 1
Word: user, Occurrences: 15
Word: showing, Occurrences: 1
Possible typo: smartphone
Possible typo: puk
Possible typo: app
Possible typo: otp
Possible typo: google
Possible typo: sms
Possible typo: authy
Possible typo: apps
Possible typo: a
Possible typo: e
Possible typo: g
Possible typo: s
Possible typo: usb
Possible typo: microsoft
Possible typo: atm
Possible typo: lastpass
Possible typo: unauthorized
----------- Test: Analyze Text Test Passed -------------
]]></system-out>
  </testcase>
</testsuite>